SF:lib\managers\waarneming_flow\animal_manager.dart
DA:20,1
DA:22,1
DA:25,1
DA:26,2
DA:29,2
DA:30,1
DA:32,1
DA:33,2
DA:34,1
DA:36,1
DA:37,1
DA:40,1
DA:43,2
DA:44,1
DA:48,1
DA:52,2
DA:54,3
DA:55,1
DA:59,1
DA:60,3
DA:62,3
DA:65,3
DA:66,2
DA:67,3
DA:75,1
DA:77,4
DA:81,1
DA:82,1
DA:84,1
DA:86,1
DA:87,1
DA:90,1
DA:92,1
DA:93,1
DA:96,1
DA:98,2
DA:101,1
DA:103,2
DA:106,1
DA:107,2
DA:108,1
LF:41
LH:41
end_of_record
SF:lib\models\animal_waarneming_models\animal_model.dart
DA:13,14
DA:22,2
DA:23,10
DA:26,2
DA:27,4
DA:28,6
DA:32,1
DA:33,1
DA:34,1
DA:35,1
DA:36,1
DA:37,1
DA:38,1
DA:40,2
DA:43,1
DA:47,1
DA:48,1
DA:49,1
DA:50,1
DA:51,1
DA:52,1
DA:53,1
DA:54,1
DA:58,1
LF:24
LH:24
end_of_record
SF:lib\models\animal_waarneming_models\animal_sighting_model.dart
DA:18,10
DA:28,1
DA:37,1
DA:38,1
DA:39,1
DA:40,1
DA:41,1
DA:42,1
DA:43,1
DA:44,1
DA:48,4
DA:49,4
DA:51,4
DA:52,4
DA:53,8
DA:54,4
DA:55,4
DA:56,4
DA:57,6
DA:59,4
DA:60,10
DA:61,4
DA:64,4
DA:65,7
DA:66,4
DA:67,12
DA:68,6
DA:69,5
DA:73,1
DA:75,1
DA:77,1
DA:78,1
DA:79,2
DA:80,2
DA:81,1
DA:82,1
DA:83,1
DA:85,1
DA:86,1
DA:87,4
DA:88,0
DA:92,1
DA:93,1
DA:94,2
DA:95,2
DA:98,0
DA:104,1
DA:105,1
DA:106,2
DA:107,2
DA:108,2
DA:110,2
DA:111,1
DA:112,1
DA:113,4
DA:114,0
DA:118,2
DA:119,1
DA:120,3
DA:121,2
DA:124,0
DA:128,1
DA:129,1
DA:130,4
DA:131,0
DA:134,1
DA:136,1
DA:138,1
DA:139,4
DA:143,1
DA:144,2
DA:147,3
LF:72
LH:67
end_of_record
SF:lib\models\api_models\species.dart
DA:6,3
DA:8,1
DA:9,1
DA:10,1
DA:11,1
DA:12,1
DA:16,1
DA:17,4
LF:8
LH:8
end_of_record
SF:lib\models\animal_waarneming_models\animal_gender_view_count_model.dart
DA:8,8
DA:10,8
DA:11,8
DA:12,8
DA:15,2
DA:16,2
DA:17,2
DA:18,8
DA:19,1
DA:21,2
DA:22,4
DA:23,1
LF:12
LH:12
end_of_record
SF:lib\models\animal_waarneming_models\view_count_model.dart
DA:9,9
DA:16,1
DA:17,2
DA:18,2
DA:19,2
DA:23,10
DA:24,5
DA:25,5
DA:26,5
DA:27,5
DA:30,6
DA:31,3
DA:32,3
DA:33,3
DA:34,3
LF:15
LH:15
end_of_record
SF:lib\models\api_models\answer.dart
DA:7,3
DA:14,4
DA:15,2
DA:16,2
DA:17,2
DA:18,2
DA:21,4
DA:22,2
DA:23,2
DA:24,2
DA:25,2
LF:11
LH:11
end_of_record
SF:lib\models\api_models\experiment.dart
DA:17,4
DA:31,1
DA:35,1
DA:36,1
DA:37,0
DA:40,1
DA:41,1
DA:42,1
DA:45,1
DA:46,1
DA:47,1
DA:48,1
DA:49,1
DA:50,2
DA:51,2
DA:55,1
DA:59,1
DA:60,0
DA:62,1
DA:63,0
DA:66,1
DA:67,1
DA:68,1
DA:71,1
DA:72,1
DA:73,1
DA:74,1
DA:75,1
DA:76,2
DA:77,2
LF:30
LH:27
end_of_record
SF:lib\models\api_models\interaction_type.dart
DA:6,4
DA:12,1
DA:13,1
DA:14,1
DA:15,1
DA:16,1
DA:20,1
DA:21,4
LF:8
LH:8
end_of_record
SF:lib\models\api_models\living_labs.dart
DA:9,1
DA:16,2
DA:17,1
DA:19,1
DA:20,1
DA:21,4
DA:24,1
DA:25,1
DA:28,1
DA:29,1
DA:30,1
DA:32,1
DA:33,5
DA:35,1
DA:36,1
LF:15
LH:15
end_of_record
SF:lib\models\api_models\question.dart
DA:13,3
DA:24,2
DA:25,1
DA:26,1
DA:27,1
DA:29,1
DA:30,5
DA:32,1
DA:33,1
DA:34,1
DA:35,1
DA:38,1
DA:39,1
DA:40,1
DA:41,1
DA:42,1
DA:44,1
DA:45,5
DA:47,1
DA:48,1
DA:49,1
DA:50,1
LF:22
LH:22
end_of_record
SF:lib\models\api_models\questionaire.dart
DA:13,4
DA:22,2
DA:23,1
DA:24,2
DA:25,1
DA:26,2
DA:27,1
DA:29,1
DA:30,1
DA:31,4
DA:36,1
DA:39,1
DA:40,5
DA:43,1
DA:44,1
DA:45,2
DA:46,1
DA:47,2
DA:48,1
LF:19
LH:19
end_of_record
SF:lib\models\api_models\user.dart
DA:6,7
DA:8,3
DA:9,3
DA:10,3
DA:11,3
DA:12,3
DA:16,3
DA:17,12
LF:8
LH:8
end_of_record
SF:lib\models\beta_models\belonging_model.dart
DA:8,1
DA:14,3
DA:15,3
DA:18,2
DA:19,1
DA:20,1
DA:21,1
DA:23,1
DA:24,1
DA:25,1
DA:26,1
DA:27,1
LF:12
LH:12
end_of_record
SF:lib\models\beta_models\interaction_model.dart
DA:11,2
DA:16,2
DA:17,4
DA:19,2
DA:20,4
DA:21,2
DA:26,1
DA:27,1
DA:28,1
DA:30,2
DA:32,0
DA:35,1
DA:37,1
DA:38,1
DA:39,1
LF:15
LH:14
end_of_record
SF:lib\models\beta_models\interaction_response_model.dart
DA:6,1
DA:10,0
DA:11,0
DA:12,0
DA:13,0
DA:16,0
DA:17,0
DA:18,0
LF:8
LH:1
end_of_record
SF:lib\models\beta_models\location_model.dart
DA:11,4
DA:20,6
DA:21,3
DA:22,3
DA:23,3
DA:24,3
DA:25,3
DA:26,6
DA:29,4
DA:30,2
DA:31,2
DA:32,2
DA:33,2
DA:34,2
DA:35,2
DA:36,8
DA:37,0
DA:42,0
DA:48,0
DA:57,0
DA:63,0
LF:21
LH:16
end_of_record
SF:lib\models\beta_models\possesion_model.dart
DA:6,3
DA:12,2
DA:13,1
DA:14,3
DA:15,1
DA:17,4
DA:18,2
DA:19,2
DA:20,2
LF:9
LH:9
end_of_record
SF:lib\models\beta_models\report_location_model.dart
DA:8,3
DA:16,4
DA:17,2
DA:18,2
DA:19,2
DA:20,2
DA:21,2
DA:24,6
DA:25,3
DA:26,3
DA:27,3
DA:28,3
DA:29,3
LF:13
LH:13
end_of_record
SF:lib\models\beta_models\response_model.dart
DA:7,3
DA:14,4
DA:15,2
DA:16,2
DA:17,2
DA:18,2
DA:21,2
DA:22,2
DA:23,4
DA:24,4
DA:25,4
DA:26,2
DA:27,4
DA:31,0
DA:37,0
DA:38,0
DA:39,0
DA:40,0
DA:41,0
LF:19
LH:13
end_of_record
SF:lib\models\enums\report_type.dart
DA:6,4
DA:8,4
DA:10,1
DA:12,1
LF:4
LH:4
end_of_record
SF:lib\models\ui_models\brown_button_model.dart
DA:20,4
DA:33,5
DA:40,0
DA:41,0
DA:42,0
DA:43,0
DA:44,0
DA:45,0
DA:46,0
DA:47,0
DA:48,0
DA:49,0
DA:50,0
DA:53,0
DA:54,0
DA:55,0
DA:56,0
DA:57,0
DA:58,0
DA:59,0
DA:60,0
DA:61,0
DA:62,0
DA:63,0
DA:64,0
DA:68,0
DA:70,0
LF:27
LH:2
end_of_record
SF:lib\models\ui_models\date_time_model.dart
DA:5,3
DA:7,2
DA:8,8
DA:11,1
DA:12,1
DA:14,3
DA:15,1
LF:7
LH:7
end_of_record
SF:lib\models\ui_models\image_list_model.dart
DA:4,3
DA:6,0
DA:7,0
DA:10,0
DA:11,0
DA:14,3
DA:16,1
DA:17,3
LF:8
LH:4
end_of_record
SF:lib\models\ui_models\living_lab_area.dart
DA:10,1
DA:18,0
DA:19,0
DA:20,0
DA:21,0
DA:22,0
DA:23,0
DA:24,0
DA:26,0
DA:28,0
DA:29,0
DA:30,0
DA:31,0
DA:33,0
DA:37,0
DA:38,0
DA:39,0
DA:40,0
DA:41,0
DA:42,0
DA:44,0
DA:45,0
DA:46,0
DA:50,0
DA:52,0
LF:25
LH:1
end_of_record
SF:lib\providers\app_state_provider.dart
DA:21,4
DA:22,2
DA:23,2
DA:24,2
DA:26,1
DA:27,1
DA:28,2
DA:35,0
DA:36,0
DA:38,0
DA:43,1
DA:45,3
DA:49,3
DA:50,4
DA:51,2
DA:52,2
DA:53,2
DA:59,4
DA:60,0
DA:61,0
DA:64,3
DA:65,3
DA:66,1
DA:70,1
DA:71,3
DA:74,1
DA:75,2
DA:76,1
DA:79,2
DA:80,2
DA:82,4
DA:83,2
DA:84,2
DA:86,2
DA:87,1
DA:92,1
DA:94,2
DA:96,1
DA:102,4
DA:103,2
DA:106,1
DA:107,2
DA:110,0
DA:111,0
DA:113,0
DA:114,0
DA:118,1
DA:119,2
DA:120,2
DA:121,1
DA:122,1
DA:125,0
DA:127,0
DA:128,0
DA:131,0
DA:133,0
DA:140,0
DA:141,0
DA:143,0
DA:144,0
DA:145,0
DA:147,0
DA:149,0
DA:151,0
DA:153,0
DA:154,0
DA:159,0
DA:160,0
LF:68
LH:42
end_of_record
SF:lib\providers\map_provider.dart
DA:15,2
DA:16,2
DA:17,1
DA:18,1
DA:19,2
DA:22,2
DA:24,1
DA:27,1
DA:28,1
DA:29,2
DA:34,2
DA:35,1
DA:36,1
DA:38,2
DA:39,1
DA:41,2
DA:42,1
DA:43,1
DA:45,0
DA:46,0
DA:47,0
DA:48,0
DA:52,0
DA:53,0
DA:54,0
DA:55,0
DA:57,0
DA:58,0
DA:61,1
DA:62,1
DA:63,1
DA:65,2
DA:66,1
DA:67,1
DA:72,1
DA:73,1
DA:75,1
DA:76,1
DA:79,3
DA:80,1
DA:81,1
DA:85,2
DA:86,1
DA:87,1
DA:88,1
DA:93,1
DA:94,1
DA:95,1
DA:96,1
DA:99,0
DA:100,0
DA:101,0
DA:102,0
DA:104,0
DA:105,0
DA:108,0
DA:109,0
DA:111,0
DA:112,0
DA:114,0
DA:116,0
DA:117,0
DA:118,0
DA:119,0
DA:120,0
DA:121,0
DA:124,0
DA:125,0
DA:126,0
DA:127,0
DA:128,0
DA:129,0
DA:130,0
DA:131,0
DA:134,0
DA:135,0
DA:136,0
DA:137,0
DA:140,0
DA:141,0
DA:142,0
DA:143,0
DA:146,0
DA:148,0
DA:149,0
LF:85
LH:39
end_of_record
SF:lib\models\beta_models\sighted_animal_model.dart
DA:6,4
DA:12,8
DA:13,4
DA:14,4
DA:15,4
DA:18,6
DA:19,3
DA:20,3
DA:21,3
LF:9
LH:9
end_of_record
SF:lib\models\beta_models\sighting_report_model.dart
DA:22,3
DA:32,1
DA:34,1
DA:35,1
DA:36,1
DA:37,2
DA:38,2
DA:39,2
DA:40,2
DA:41,5
DA:42,1
DA:47,1
DA:48,1
DA:49,1
DA:50,1
DA:51,1
DA:53,1
DA:54,2
DA:57,1
DA:58,2
DA:61,1
DA:62,2
DA:64,2
DA:66,1
DA:67,1
DA:68,4
DA:70,0
LF:27
LH:26
end_of_record
SF:lib\constants\app_colors.dart
DA:5,0
LF:1
LH:0
end_of_record
SF:lib\constants\app_text_theme.dart
DA:5,21
DA:6,7
DA:11,7
DA:16,7
LF:4
LH:4
end_of_record
SF:lib\models\beta_models\belonging_damage_report_model.dart
DA:31,2
DA:45,1
DA:46,1
DA:47,1
DA:48,1
DA:49,2
DA:50,2
DA:51,2
DA:53,1
DA:54,1
DA:55,1
DA:56,1
DA:57,1
DA:58,1
DA:59,1
DA:60,1
DA:61,1
DA:62,2
DA:65,1
DA:66,1
DA:67,1
DA:68,2
DA:69,1
DA:70,2
DA:71,2
DA:72,2
DA:73,1
DA:74,1
DA:76,1
DA:77,0
DA:80,1
DA:81,0
DA:84,1
DA:85,0
DA:87,2
LF:35
LH:32
end_of_record
SF:lib\managers\map\location_map_manager.dart
DA:27,0
DA:29,0
DA:30,0
DA:31,0
DA:35,0
DA:43,0
DA:44,0
DA:45,0
DA:47,0
DA:48,0
DA:49,0
DA:51,0
DA:52,0
DA:56,0
DA:58,0
DA:63,0
DA:64,0
DA:65,0
DA:66,0
DA:70,0
DA:71,0
DA:72,0
DA:73,0
DA:77,0
DA:80,0
DA:83,0
DA:84,0
DA:88,0
DA:89,0
DA:90,0
DA:91,0
DA:92,0
DA:97,0
DA:98,0
DA:104,0
DA:111,0
DA:113,0
DA:121,0
DA:126,0
DA:128,0
DA:129,0
DA:133,0
DA:135,0
DA:136,0
DA:140,0
DA:141,0
DA:143,0
DA:144,0
DA:146,0
DA:147,0
DA:150,0
DA:151,0
DA:154,0
DA:155,0
DA:158,0
DA:159,0
DA:162,0
DA:165,0
DA:167,0
DA:170,0
DA:172,0
DA:173,0
DA:174,0
LF:63
LH:0
end_of_record
SF:lib\managers\map\location_screen_manager.dart
DA:20,0
DA:21,0
DA:23,0
DA:24,0
DA:26,0
DA:27,0
DA:29,0
DA:30,0
DA:32,0
DA:33,0
DA:35,0
DA:36,0
DA:38,0
DA:40,0
DA:43,0
DA:47,0
DA:48,0
DA:49,0
DA:55,0
DA:56,0
DA:59,0
DA:60,0
DA:61,0
DA:62,0
DA:67,0
DA:72,0
DA:76,0
DA:79,0
DA:80,0
DA:81,0
DA:86,0
DA:91,0
DA:92,0
DA:93,0
DA:94,0
DA:95,0
DA:100,0
DA:102,0
DA:103,0
DA:104,0
DA:106,0
DA:107,0
DA:109,0
DA:111,0
DA:116,0
DA:122,0
DA:124,0
DA:130,0
DA:131,0
DA:134,0
DA:135,0
DA:137,0
DA:138,0
DA:139,0
DA:140,0
DA:143,0
DA:145,0
DA:146,0
DA:147,0
DA:148,0
DA:149,0
DA:150,0
DA:153,0
DA:154,0
DA:155,0
DA:156,0
DA:157,0
DA:158,0
DA:161,0
DA:162,0
DA:163,0
DA:164,0
DA:165,0
DA:166,0
LF:74
LH:0
end_of_record
SF:lib\models\enums\location_type.dart
DA:7,2
DA:9,2
DA:11,2
DA:13,2
DA:15,2
DA:20,1
DA:22,1
DA:24,1
DA:26,1
DA:28,1
LF:10
LH:10
end_of_record
SF:lib\models\enums\date_time_type.dart
DA:6,0
DA:8,0
DA:10,0
DA:12,0
DA:17,0
DA:19,0
DA:21,0
DA:23,0
LF:8
LH:0
end_of_record
SF:lib\managers\permission\permission_checker.dart
DA:11,2
DA:13,2
DA:15,6
DA:16,6
DA:17,2
DA:20,2
DA:21,2
DA:22,2
DA:23,6
DA:24,2
DA:29,2
DA:30,4
DA:31,0
DA:35,4
DA:38,6
DA:42,0
DA:43,0
DA:46,2
DA:50,0
DA:51,0
DA:52,0
DA:57,0
DA:58,0
DA:61,0
DA:63,0
DA:65,0
DA:70,2
DA:71,2
DA:72,4
DA:73,4
DA:74,4
LF:31
LH:20
end_of_record
SF:lib\models\api_models\location.dart
DA:5,1
DA:7,1
DA:8,1
DA:9,2
DA:10,2
DA:14,1
DA:15,3
LF:7
LH:7
end_of_record
SF:lib\models\beta_models\accident_report_model.dart
DA:25,2
DA:39,1
DA:42,5
DA:44,1
DA:45,1
DA:46,1
DA:51,2
DA:52,1
DA:53,1
DA:54,1
DA:55,1
DA:56,2
DA:57,2
DA:58,1
DA:59,2
DA:60,2
DA:61,1
DA:62,4
DA:64,1
DA:65,1
LF:20
LH:20
end_of_record
SF:lib\models\beta_models\animal_sighting_report_wrapper.dart
DA:8,1
DA:10,1
DA:12,2
LF:3
LH:3
end_of_record
SF:lib\utils\sighting_api_transformer.dart
DA:8,1
DA:9,2
DA:10,4
DA:13,3
DA:14,1
DA:16,3
DA:17,1
DA:19,3
DA:20,1
DA:22,2
DA:23,1
DA:27,2
DA:28,3
DA:29,2
DA:31,4
DA:33,2
DA:34,3
DA:35,2
DA:37,4
DA:40,1
DA:41,3
DA:42,4
DA:43,1
DA:45,2
DA:46,4
DA:47,1
DA:49,1
DA:50,1
DA:51,1
DA:52,1
DA:53,2
DA:54,1
DA:55,1
DA:65,3
DA:66,3
DA:67,3
DA:68,3
DA:72,1
DA:73,1
DA:74,1
DA:75,1
DA:76,1
DA:79,6
DA:80,1
DA:81,1
DA:82,1
DA:84,1
DA:86,4
DA:88,2
DA:92,2
DA:93,3
DA:94,2
DA:99,1
DA:100,1
DA:101,1
DA:103,1
DA:111,1
DA:113,1
DA:115,1
DA:117,1
DA:125,1
DA:126,1
DA:127,1
DA:129,1
DA:131,1
DA:138,1
DA:139,1
DA:140,1
DA:142,1
DA:144,1
LF:70
LH:70
end_of_record
SF:lib\models\beta_models\report_factory.dart
DA:8,3
DA:9,0
DA:10,0
DA:11,0
LF:4
LH:1
end_of_record
SF:lib\models\factories\button_model_factory.dart
DA:4,1
DA:9,1
DA:17,1
DA:22,1
LF:4
LH:4
end_of_record
SF:lib\providers\belonging_damage_report_provider.dart
DA:22,0
DA:23,0
DA:26,0
DA:27,0
DA:28,0
DA:29,0
DA:32,0
DA:33,0
DA:34,0
DA:37,0
DA:38,0
DA:39,0
DA:42,0
DA:43,0
DA:44,0
DA:47,0
DA:48,0
DA:49,0
DA:52,0
DA:53,0
DA:54,0
DA:57,0
DA:58,0
DA:59,0
DA:62,0
DA:63,0
DA:64,0
DA:67,0
DA:68,0
DA:69,0
DA:72,0
DA:73,0
DA:74,0
DA:77,0
DA:78,0
DA:79,0
DA:82,0
DA:83,0
DA:84,0
DA:87,0
DA:88,0
DA:89,0
DA:92,0
DA:93,0
DA:96,0
DA:97,0
DA:98,0
DA:99,0
DA:100,0
DA:101,0
DA:102,0
DA:104,0
DA:107,0
DA:108,0
DA:109,0
DA:110,0
DA:111,0
DA:112,0
DA:113,0
DA:114,0
DA:115,0
DA:116,0
DA:117,0
DA:118,0
DA:119,0
DA:120,0
DA:123,0
DA:124,0
DA:125,0
DA:126,0
DA:127,0
LF:71
LH:0
end_of_record
SF:lib\providers\response_provider.dart
DA:15,1
DA:16,1
DA:19,1
DA:20,4
DA:21,2
DA:24,1
DA:25,2
DA:28,1
DA:29,4
DA:30,1
DA:31,1
DA:33,1
DA:34,6
DA:35,2
DA:36,2
DA:37,1
DA:41,1
DA:42,4
DA:43,1
DA:44,1
DA:46,1
DA:47,4
DA:48,1
DA:49,1
DA:52,1
DA:53,2
DA:54,2
DA:56,1
DA:57,1
DA:60,1
DA:61,4
DA:62,1
DA:63,1
DA:66,1
DA:67,4
DA:68,1
DA:69,1
DA:72,1
DA:73,1
DA:74,1
DA:75,1
DA:76,1
DA:77,1
DA:81,2
DA:82,2
DA:83,2
DA:84,2
DA:85,2
DA:86,2
DA:87,2
DA:88,2
DA:90,2
DA:91,4
LF:53
LH:53
end_of_record
SF:lib\screens\belonging\belonging_damages_screen.dart
DA:12,1
DA:14,0
DA:15,0
DA:24,0
DA:26,0
DA:27,0
DA:28,0
DA:29,0
DA:30,0
DA:31,0
DA:34,0
DA:36,0
DA:38,0
DA:39,0
DA:46,0
DA:48,0
DA:50,0
DA:51,0
DA:58,0
DA:60,0
DA:62,0
DA:63,0
DA:65,0
DA:67,0
DA:68,0
DA:71,0
DA:72,0
DA:73,0
DA:77,0
DA:82,0
DA:88,0
DA:89,0
DA:90,0
DA:101,0
DA:102,0
DA:103,0
DA:105,0
DA:106,0
DA:107,0
DA:114,0
DA:115,0
DA:116,0
DA:117,0
DA:120,0
DA:121,0
DA:122,0
DA:123,0
DA:124,0
DA:125,0
DA:130,0
DA:131,0
DA:137,0
DA:138,0
DA:139,0
DA:140,0
DA:144,0
DA:145,0
DA:148,0
DA:149,0
DA:150,0
DA:151,0
DA:152,0
DA:153,0
DA:159,0
DA:160,0
DA:161,0
DA:162,0
DA:166,0
DA:168,0
DA:169,0
DA:170,0
DA:171,0
DA:172,0
DA:176,0
DA:177,0
DA:179,0
DA:183,0
DA:184,0
DA:185,0
DA:186,0
DA:187,0
LF:81
LH:1
end_of_record
SF:lib\screens\shared\overzicht_screen.dart
DA:12,172
DA:14,1
DA:15,1
DA:21,1
DA:23,1
DA:24,1
DA:25,1
DA:28,1
DA:29,1
DA:30,2
DA:31,2
DA:35,1
DA:37,1
DA:38,2
DA:40,3
DA:44,3
DA:45,3
DA:46,3
DA:47,3
DA:48,3
DA:49,3
DA:51,1
DA:52,1
DA:53,1
DA:54,1
DA:55,1
DA:56,2
DA:57,1
DA:59,1
DA:60,1
DA:61,1
DA:66,1
DA:68,1
DA:69,1
DA:70,1
DA:73,1
DA:74,1
DA:75,1
DA:76,1
DA:77,1
DA:78,1
DA:83,1
DA:84,1
DA:85,1
DA:92,1
DA:93,1
DA:95,1
DA:100,2
DA:101,1
DA:102,1
DA:113,1
DA:114,0
DA:119,1
DA:121,1
LF:54
LH:53
end_of_record
SF:lib\widgets\shared_ui_widgets\app_bar.dart
DA:14,4
DA:24,4
DA:26,8
DA:27,4
DA:31,9
DA:34,8
DA:37,4
DA:40,8
DA:43,4
DA:46,8
DA:49,4
DA:51,4
DA:54,4
DA:55,4
DA:57,4
DA:59,4
DA:61,4
DA:62,4
DA:63,4
DA:64,4
DA:65,8
DA:67,4
DA:69,4
DA:70,0
DA:71,0
DA:73,4
DA:85,4
DA:87,4
DA:88,4
DA:90,4
DA:103,4
DA:105,4
DA:107,4
DA:108,4
DA:109,4
DA:110,4
DA:111,8
DA:113,4
DA:114,4
DA:115,4
LF:40
LH:38
end_of_record
SF:lib\widgets\shared_ui_widgets\bottom_app_bar.dart
DA:10,2
DA:18,0
DA:19,0
DA:20,0
DA:23,1
DA:24,2
DA:25,2
DA:28,2
DA:30,4
DA:32,4
DA:36,4
DA:40,4
DA:44,2
DA:45,2
DA:46,2
DA:47,4
DA:49,2
DA:52,2
DA:53,2
DA:55,3
DA:57,2
DA:60,2
DA:61,2
DA:62,2
DA:63,2
DA:64,2
DA:65,2
DA:66,2
DA:67,2
DA:68,2
DA:72,2
DA:73,2
DA:74,2
DA:80,6
DA:81,2
DA:83,2
DA:87,2
DA:88,2
DA:89,2
DA:100,2
DA:101,1
DA:102,1
DA:103,1
DA:104,1
DA:105,1
DA:106,1
DA:107,1
DA:109,1
DA:113,1
DA:114,1
DA:115,1
DA:122,3
DA:123,1
DA:127,1
DA:128,1
DA:129,1
LF:56
LH:53
end_of_record
SF:lib\widgets\location\invisible_map_preloader.dart
DA:8,112
DA:10,0
DA:12,0
DA:14,0
DA:16,0
DA:19,0
DA:21,0
LF:7
LH:1
end_of_record
SF:lib\screens\belonging\belonging_location_screen.dart
DA:20,56
DA:22,0
DA:23,0
DA:39,0
DA:41,0
DA:43,0
DA:44,0
DA:45,0
DA:48,0
DA:49,0
DA:51,0
DA:54,0
DA:55,0
DA:56,0
DA:58,0
DA:59,0
DA:60,0
DA:62,0
DA:65,0
DA:66,0
DA:67,0
DA:69,0
DA:72,0
DA:76,0
DA:77,0
DA:78,0
DA:80,0
DA:81,0
DA:83,0
DA:84,0
DA:87,0
DA:88,0
DA:91,0
DA:92,0
DA:93,0
DA:96,0
DA:97,0
DA:98,0
DA:99,0
DA:100,0
DA:107,0
DA:108,0
DA:111,0
DA:113,0
DA:114,0
DA:115,0
DA:119,0
DA:120,0
DA:121,0
DA:125,0
DA:126,0
DA:127,0
DA:129,0
DA:130,0
DA:131,0
DA:132,0
DA:137,0
DA:138,0
DA:139,0
DA:140,0
DA:141,0
DA:143,0
DA:144,0
DA:147,0
DA:148,0
DA:149,0
DA:150,0
DA:151,0
DA:153,0
DA:154,0
DA:157,0
DA:159,0
DA:162,0
DA:163,0
DA:164,0
DA:165,0
DA:169,0
DA:171,0
DA:174,0
DA:176,0
DA:177,0
DA:178,0
DA:179,0
DA:180,0
DA:181,0
DA:185,0
DA:186,0
DA:187,0
DA:192,0
DA:196,0
DA:197,0
DA:204,0
DA:205,0
DA:209,0
DA:217,0
DA:220,0
LF:96
LH:1
end_of_record
SF:lib\screens\questionnaire\questionnaire_screen.dart
DA:15,0
DA:21,0
DA:22,0
DA:33,0
DA:35,0
DA:36,0
DA:37,0
DA:38,0
DA:41,0
DA:42,0
DA:43,0
DA:44,0
DA:45,0
DA:46,0
DA:47,0
DA:48,0
DA:51,0
DA:52,0
DA:53,0
DA:54,0
DA:55,0
DA:60,0
DA:61,0
DA:62,0
DA:63,0
DA:64,0
DA:65,0
DA:66,0
DA:69,0
DA:70,0
DA:72,0
DA:73,0
DA:77,0
DA:78,0
DA:81,0
DA:82,0
DA:83,0
DA:84,0
DA:85,0
DA:86,0
DA:91,0
DA:92,0
DA:93,0
DA:94,0
DA:95,0
DA:96,0
DA:97,0
DA:100,0
DA:101,0
DA:102,0
DA:104,0
DA:105,0
DA:110,0
DA:113,0
DA:114,0
DA:115,0
DA:116,0
DA:118,0
DA:123,0
DA:126,0
DA:129,0
DA:130,0
DA:131,0
DA:132,0
DA:133,0
DA:134,0
DA:135,0
DA:139,0
DA:141,0
DA:142,0
DA:145,0
DA:149,0
DA:150,0
LF:73
LH:0
end_of_record
SF:lib\screens\shared\rapporteren.dart
DA:17,226
DA:19,1
DA:20,1
DA:26,1
DA:27,2
DA:28,2
DA:34,1
DA:35,2
DA:39,2
DA:40,1
DA:43,1
DA:45,1
DA:46,2
DA:48,1
DA:49,1
DA:51,1
DA:53,2
DA:57,3
DA:64,1
DA:65,2
DA:67,1
DA:68,1
DA:71,0
DA:75,1
DA:78,2
DA:81,1
DA:82,1
DA:84,2
DA:85,2
DA:86,2
DA:89,1
DA:92,2
DA:94,0
DA:95,0
DA:98,2
DA:100,1
DA:101,2
DA:102,2
DA:104,1
DA:105,0
DA:106,0
DA:110,0
DA:114,0
DA:115,0
DA:116,0
DA:119,1
DA:121,2
DA:122,2
DA:123,2
DA:124,1
DA:126,1
DA:127,1
DA:128,1
DA:129,1
DA:131,1
DA:135,0
DA:136,0
DA:139,1
DA:140,1
DA:142,1
DA:143,1
DA:147,1
DA:148,1
DA:149,1
DA:150,1
DA:151,1
DA:152,1
DA:153,1
DA:157,1
DA:158,1
DA:161,3
DA:162,1
DA:163,1
DA:167,2
DA:175,3
DA:176,1
DA:177,1
DA:178,1
DA:179,1
DA:180,1
DA:185,2
DA:190,3
DA:191,1
DA:192,1
DA:197,2
LF:85
LH:74
end_of_record
SF:lib\utils\toast_notification_handler.dart
DA:4,1
DA:5,1
DA:8,1
LF:3
LH:3
end_of_record
SF:lib\widgets\location\location_screen_ui_widget.dart
DA:25,112
DA:27,0
DA:28,0
DA:37,0
DA:39,0
DA:40,0
DA:41,0
DA:42,0
DA:43,0
DA:47,0
DA:49,0
DA:52,0
DA:54,0
DA:57,0
DA:58,0
DA:59,0
DA:60,0
DA:61,0
DA:62,0
DA:63,0
DA:68,0
DA:69,0
DA:70,0
DA:73,0
DA:75,0
DA:80,0
DA:81,0
DA:86,0
DA:90,0
DA:91,0
DA:95,0
DA:96,0
DA:97,0
DA:98,0
DA:99,0
DA:102,0
DA:103,0
DA:106,0
DA:107,0
DA:110,0
DA:111,0
DA:112,0
DA:113,0
DA:116,0
DA:117,0
DA:123,0
DA:124,0
DA:125,0
DA:126,0
DA:127,0
DA:129,0
DA:130,0
DA:131,0
DA:133,0
DA:134,0
DA:140,0
DA:141,0
DA:144,0
DA:145,0
DA:146,0
DA:148,0
DA:149,0
DA:151,0
DA:152,0
DA:157,0
DA:159,0
DA:160,0
DA:162,0
DA:163,0
DA:166,0
DA:169,0
DA:170,0
DA:174,0
DA:179,0
DA:181,0
DA:182,0
DA:183,0
DA:186,0
DA:188,0
DA:189,0
DA:193,0
DA:194,0
DA:197,0
DA:198,0
DA:199,0
DA:200,0
DA:201,0
DA:203,0
DA:204,0
DA:205,0
DA:207,0
DA:208,0
DA:214,0
DA:215,0
DA:218,0
DA:219,0
DA:220,0
DA:222,0
DA:223,0
DA:225,0
DA:226,0
DA:228,0
DA:230,0
DA:231,0
DA:236,0
DA:237,0
DA:245,0
DA:246,0
DA:247,0
DA:248,0
DA:249,0
DA:253,0
DA:254,0
DA:257,0
DA:258,0
DA:261,0
DA:262,0
DA:263,0
DA:264,0
DA:268,0
DA:270,0
DA:281,0
DA:282,0
DA:285,0
DA:287,0
DA:289,0
DA:290,0
DA:292,0
DA:294,0
DA:296,0
DA:299,0
DA:301,0
DA:302,0
DA:304,0
DA:312,0
DA:315,0
DA:316,0
DA:317,0
DA:324,0
DA:326,0
DA:327,0
DA:328,0
DA:329,0
DA:333,0
DA:334,0
DA:336,0
DA:337,0
DA:338,0
DA:339,0
DA:345,0
DA:346,0
DA:348,0
DA:349,0
DA:350,0
DA:352,0
DA:354,0
DA:355,0
DA:361,0
DA:364,0
DA:366,0
DA:367,0
DA:369,0
DA:377,0
DA:380,0
DA:381,0
DA:382,0
DA:389,0
DA:391,0
DA:393,0
DA:394,0
DA:395,0
DA:396,0
DA:397,0
DA:400,0
DA:401,0
DA:402,0
DA:403,0
DA:404,0
DA:409,0
DA:410,0
DA:411,0
DA:412,0
DA:413,0
LF:183
LH:1
end_of_record
SF:lib\widgets\location\permission_gate.dart
DA:6,0
DA:8,0
DA:10,0
DA:13,0
LF:4
LH:0
end_of_record
SF:lib\screens\location\location_screen.dart
DA:25,112
DA:27,0
DA:28,0
DA:36,0
DA:37,0
DA:38,0
DA:39,0
DA:40,0
DA:41,0
DA:46,0
DA:47,0
DA:48,0
DA:49,0
DA:51,0
DA:54,0
DA:55,0
DA:56,0
DA:59,0
DA:61,0
DA:62,0
DA:63,0
DA:64,0
DA:65,0
DA:69,0
DA:70,0
DA:71,0
DA:72,0
DA:76,0
DA:80,0
DA:82,0
DA:83,0
DA:84,0
DA:85,0
DA:87,0
DA:88,0
DA:89,0
DA:90,0
DA:91,0
DA:92,0
DA:93,0
DA:94,0
DA:95,0
DA:96,0
DA:97,0
DA:98,0
DA:99,0
DA:103,0
DA:104,0
DA:105,0
DA:106,0
DA:109,0
DA:112,0
DA:114,0
DA:115,0
DA:117,0
DA:121,0
DA:122,0
DA:123,0
DA:124,0
DA:125,0
DA:127,0
DA:128,0
DA:129,0
DA:131,0
DA:132,0
DA:133,0
DA:137,0
DA:139,0
DA:142,0
DA:143,0
DA:144,0
DA:145,0
DA:148,0
DA:149,0
DA:152,0
DA:153,0
DA:154,0
DA:155,0
DA:158,0
DA:159,0
DA:162,0
DA:163,0
DA:164,0
DA:168,0
DA:169,0
DA:170,0
DA:171,0
DA:172,0
DA:174,0
DA:175,0
DA:176,0
DA:177,0
DA:181,0
DA:182,0
DA:183,0
DA:185,0
DA:187,0
DA:188,0
DA:189,0
DA:190,0
DA:191,0
DA:193,0
DA:194,0
DA:195,0
DA:196,0
DA:198,0
DA:200,0
DA:203,0
DA:204,0
DA:205,0
DA:206,0
DA:217,0
DA:222,0
DA:224,0
DA:226,0
DA:227,0
DA:231,0
DA:232,0
DA:234,0
LF:119
LH:1
end_of_record
SF:lib\screens\waarneming\animal_list_overview_screen.dart
DA:14,1
DA:18,0
DA:21,0
DA:22,0
DA:24,0
DA:25,0
DA:26,0
DA:27,0
DA:28,0
DA:32,0
DA:34,0
DA:35,0
DA:40,0
DA:41,0
DA:44,0
DA:45,0
DA:47,0
DA:48,0
DA:50,0
DA:52,0
DA:56,0
DA:57,0
DA:58,0
DA:66,0
DA:74,0
DA:75,0
DA:76,0
DA:77,0
DA:82,0
DA:84,0
DA:86,0
DA:87,0
DA:89,0
DA:93,0
DA:94,0
DA:97,0
DA:98,0
DA:99,0
DA:102,0
DA:105,0
DA:106,0
DA:109,0
DA:110,0
LF:43
LH:1
end_of_record
SF:lib\screens\location\map_screen.dart
DA:9,0
DA:16,0
DA:17,0
DA:21,0
DA:23,0
DA:24,0
DA:25,0
DA:26,0
DA:27,0
DA:28,0
DA:31,0
LF:11
LH:0
end_of_record
SF:lib\widgets\location\living_lab_selector.dart
DA:13,0
DA:15,0
DA:16,0
DA:25,0
DA:26,0
DA:28,0
DA:29,0
DA:33,0
DA:38,0
DA:39,0
DA:43,0
DA:45,0
DA:50,0
DA:51,0
DA:57,0
DA:61,0
DA:62,0
DA:65,0
DA:66,0
DA:67,0
DA:68,0
DA:72,0
DA:74,0
DA:85,0
DA:86,0
DA:87,0
DA:88,0
DA:89,0
DA:94,0
DA:95,0
DA:96,0
DA:98,0
DA:99,0
DA:100,0
DA:101,0
DA:103,0
DA:110,0
DA:117,0
DA:118,0
DA:119,0
DA:122,0
DA:125,0
DA:127,0
DA:128,0
DA:129,0
DA:130,0
DA:136,0
DA:139,0
DA:140,0
DA:141,0
DA:142,0
DA:148,0
DA:149,0
DA:151,0
DA:158,0
DA:162,0
DA:163,0
DA:170,0
DA:171,0
DA:174,0
DA:176,0
DA:177,0
DA:178,0
DA:179,0
DA:185,0
DA:187,0
DA:188,0
DA:190,0
DA:196,0
DA:198,0
DA:199,0
DA:200,0
LF:72
LH:0
end_of_record
SF:lib\screens\shared\category_screen.dart
DA:13,113
DA:15,1
DA:16,1
DA:26,1
DA:28,1
DA:29,5
DA:30,3
DA:31,3
DA:33,2
DA:34,2
DA:35,3
DA:39,1
DA:40,1
DA:43,2
DA:46,1
DA:47,1
DA:50,2
DA:53,3
DA:56,3
DA:59,1
DA:60,1
DA:62,3
DA:64,2
DA:67,2
DA:69,1
DA:70,2
DA:71,2
DA:77,0
DA:78,0
DA:80,0
DA:82,0
DA:92,1
DA:93,3
DA:98,1
DA:100,1
DA:101,1
DA:102,1
DA:103,1
DA:104,1
DA:105,1
DA:106,1
DA:110,1
DA:111,0
DA:112,0
DA:113,0
DA:117,1
DA:137,2
DA:143,1
DA:146,1
DA:147,1
DA:148,0
LF:51
LH:43
end_of_record
SF:lib\widgets\location\selection_button_group.dart
DA:11,1
DA:18,1
DA:20,2
DA:23,2
DA:26,1
DA:29,2
DA:32,1
DA:37,1
DA:38,1
DA:39,1
DA:40,2
DA:41,2
DA:43,1
DA:45,1
DA:46,1
DA:47,1
DA:48,1
DA:52,1
DA:53,1
DA:54,1
DA:61,3
DA:62,2
DA:67,1
DA:76,1
DA:87,1
DA:88,1
DA:93,1
DA:95,0
DA:97,1
DA:99,1
DA:100,1
DA:105,1
DA:108,1
DA:111,1
DA:112,1
DA:113,1
DA:114,1
DA:120,3
LF:38
LH:37
end_of_record
SF:lib\screens\waarneming\animals_screen.dart
DA:17,114
DA:19,1
DA:20,1
DA:35,1
DA:37,1
DA:38,2
DA:39,2
DA:43,3
DA:44,3
DA:45,3
DA:46,3
DA:47,1
DA:50,1
DA:51,2
DA:52,0
DA:53,0
DA:54,0
DA:63,1
DA:66,1
DA:67,2
DA:69,2
DA:70,1
DA:71,1
DA:74,2
DA:75,2
DA:76,2
DA:79,1
DA:80,2
DA:81,1
DA:82,1
DA:86,0
DA:87,0
DA:88,0
DA:90,0
DA:91,0
DA:92,0
DA:93,0
DA:99,1
DA:101,2
DA:102,2
DA:103,2
DA:104,3
DA:105,1
DA:108,0
DA:109,0
DA:110,0
DA:114,1
DA:115,2
DA:116,3
DA:118,2
DA:119,2
DA:123,1
DA:124,2
DA:126,1
DA:129,4
DA:132,0
DA:133,0
DA:134,0
DA:135,0
DA:138,1
DA:140,1
DA:142,1
DA:143,1
DA:144,1
DA:145,1
DA:146,1
DA:148,2
DA:150,1
DA:151,0
DA:155,1
DA:157,1
DA:159,2
DA:160,1
DA:161,2
DA:162,2
DA:166,1
DA:167,1
DA:168,1
DA:169,1
DA:170,1
DA:171,1
DA:172,1
LF:82
LH:64
end_of_record
SF:lib\widgets\overzicht\top_container.dart
DA:10,2
DA:18,2
DA:20,2
DA:21,2
DA:23,2
DA:26,2
DA:27,2
DA:28,2
DA:35,2
DA:37,2
DA:38,2
DA:39,2
DA:40,8
DA:41,4
DA:43,2
DA:45,2
DA:46,2
DA:48,2
DA:50,2
DA:51,2
DA:52,2
DA:53,2
DA:60,6
DA:61,2
DA:62,2
DA:63,2
DA:65,2
DA:67,2
DA:68,2
DA:69,2
DA:79,2
DA:83,2
DA:84,2
DA:86,8
LF:34
LH:34
end_of_record
SF:lib\widgets\overzicht\action_buttons.dart
DA:25,1
DA:39,1
DA:41,1
DA:42,1
DA:43,1
DA:44,1
DA:46,1
DA:48,1
DA:49,2
DA:50,1
DA:51,1
DA:53,1
DA:61,5
DA:68,1
DA:77,4
DA:78,2
DA:79,2
DA:83,0
DA:86,0
DA:88,2
DA:90,0
DA:92,0
DA:93,0
DA:98,1
DA:102,1
DA:106,1
DA:107,1
DA:108,1
DA:115,1
DA:116,1
LF:30
LH:25
end_of_record
SF:lib\widgets\questionnaire\report_button.dart
DA:12,1
DA:20,1
DA:24,1
DA:26,2
DA:27,2
DA:29,1
DA:30,1
DA:31,1
DA:33,1
DA:35,1
DA:36,1
DA:37,1
DA:38,1
DA:44,1
DA:45,1
DA:46,1
DA:47,1
DA:48,3
DA:49,1
DA:50,1
DA:53,1
DA:54,1
DA:56,1
DA:58,1
DA:59,1
DA:60,1
DA:62,1
DA:63,1
DA:64,1
DA:71,1
DA:72,0
DA:73,0
DA:74,0
DA:77,2
DA:81,3
DA:82,1
DA:83,1
DA:84,3
DA:86,1
DA:87,1
DA:88,1
DA:101,1
DA:103,1
DA:104,1
DA:105,3
DA:106,1
DA:109,2
DA:110,1
DA:111,1
DA:112,1
LF:50
LH:47
end_of_record
SF:lib\screens\waarneming\animal_counting_screen.dart
DA:13,58
DA:15,1
DA:16,1
DA:22,1
DA:24,1
DA:26,3
DA:27,1
DA:31,1
DA:33,2
DA:34,1
DA:37,1
DA:38,3
DA:39,1
DA:40,3
DA:41,3
DA:42,3
DA:43,0
DA:45,2
DA:46,1
DA:51,0
DA:52,0
DA:54,0
DA:57,0
DA:62,0
DA:63,0
DA:64,0
DA:65,0
DA:69,0
DA:70,0
DA:71,0
DA:75,0
DA:78,0
DA:81,0
DA:82,0
DA:85,0
DA:87,0
DA:89,0
DA:93,0
DA:103,0
DA:107,1
DA:109,1
DA:111,1
DA:112,1
DA:113,1
DA:114,1
DA:118,0
DA:119,0
DA:121,1
DA:122,1
DA:123,1
DA:124,0
DA:125,0
DA:126,0
DA:135,1
DA:136,0
DA:137,1
DA:138,1
DA:139,1
DA:141,1
DA:144,1
LF:60
LH:33
end_of_record
SF:lib\widgets\animals\animal_counting.dart
DA:19,2
DA:21,2
DA:22,2
DA:34,2
DA:36,2
DA:38,2
DA:40,2
DA:48,2
DA:50,2
DA:52,2
DA:60,2
DA:62,2
DA:65,1
DA:66,2
DA:67,1
DA:71,0
DA:72,0
DA:74,0
DA:75,0
DA:78,0
DA:79,0
DA:82,0
DA:83,0
DA:86,0
DA:87,0
DA:89,0
DA:95,0
DA:96,0
DA:97,0
DA:101,0
DA:102,0
DA:105,0
DA:107,0
DA:108,0
DA:111,0
DA:112,0
DA:115,0
DA:117,0
DA:118,0
DA:121,0
DA:123,0
DA:124,0
DA:125,0
DA:127,0
DA:128,0
DA:129,0
DA:131,0
DA:132,0
DA:133,0
DA:135,0
DA:136,0
DA:137,0
DA:140,0
DA:146,0
DA:148,0
DA:150,0
DA:152,0
DA:154,0
DA:157,0
DA:158,0
DA:166,0
DA:167,0
DA:168,0
DA:171,0
DA:172,0
DA:173,0
DA:174,0
DA:176,0
DA:179,0
DA:180,0
DA:182,0
DA:185,0
DA:186,0
DA:187,0
DA:189,0
DA:193,0
DA:199,1
DA:200,2
DA:201,2
DA:202,0
DA:204,1
DA:209,2
DA:210,4
DA:211,4
DA:212,0
DA:215,2
DA:216,2
DA:221,2
DA:224,2
DA:226,2
DA:227,2
DA:228,2
DA:229,2
DA:230,6
DA:232,2
DA:234,2
DA:235,2
DA:237,4
DA:238,6
DA:240,2
DA:242,2
DA:244,2
DA:246,2
DA:248,2
DA:249,2
DA:251,2
DA:252,2
DA:253,2
DA:259,2
DA:260,2
DA:262,2
DA:267,2
DA:268,2
DA:274,2
DA:275,2
DA:277,2
DA:289,2
DA:294,2
DA:295,2
DA:296,2
DA:298,2
DA:299,2
DA:302,2
DA:305,2
DA:307,2
DA:311,0
DA:315,2
DA:328,2
DA:329,2
DA:331,2
DA:334,2
DA:338,2
DA:339,2
DA:340,2
DA:350,2
DA:351,4
DA:353,2
DA:355,2
DA:363,2
DA:368,2
DA:369,4
DA:371,2
DA:373,2
DA:381,4
DA:386,2
DA:387,4
DA:388,2
DA:389,2
DA:390,2
DA:393,2
DA:394,2
DA:395,4
DA:400,2
DA:402,2
DA:403,3
DA:405,2
DA:407,1
DA:414,1
DA:415,3
DA:417,1
DA:418,3
DA:420,1
DA:421,3
DA:423,1
DA:424,3
DA:429,2
DA:430,1
DA:436,2
DA:437,1
DA:442,2
DA:443,4
DA:444,2
DA:445,2
DA:447,6
DA:448,3
DA:450,4
DA:452,2
DA:458,6
DA:459,0
DA:460,0
DA:461,0
DA:464,2
DA:465,2
DA:466,2
DA:472,6
DA:475,2
DA:476,6
DA:479,4
DA:480,4
DA:481,4
DA:486,2
DA:487,2
DA:489,8
DA:490,2
DA:495,4
DA:496,3
DA:497,1
DA:498,1
DA:500,1
DA:501,2
DA:508,2
DA:509,2
DA:510,2
DA:516,6
DA:518,4
DA:522,2
DA:523,2
DA:525,8
DA:526,2
DA:531,4
DA:532,2
DA:533,0
DA:534,0
DA:536,0
DA:537,0
DA:543,2
DA:544,2
DA:545,4
LF:218
LH:147
end_of_record
SF:lib\widgets\animals\animal_list_table.dart
DA:15,1
DA:17,1
DA:18,1
DA:28,0
DA:29,0
DA:32,1
DA:34,1
DA:35,2
DA:36,3
DA:38,3
DA:39,1
DA:40,2
DA:41,3
DA:45,2
DA:46,3
DA:49,1
DA:51,2
DA:52,2
DA:53,0
DA:56,1
DA:57,3
DA:60,1
DA:63,0
DA:64,0
DA:65,0
DA:68,0
DA:74,1
DA:75,5
DA:77,1
DA:79,2
DA:80,1
DA:83,2
DA:84,1
DA:89,0
DA:90,0
DA:91,0
DA:95,1
DA:97,2
DA:98,1
DA:100,2
DA:101,2
DA:103,4
DA:106,3
DA:109,1
DA:110,3
DA:111,1
DA:113,2
DA:114,3
DA:118,1
DA:120,6
DA:121,0
DA:124,6
DA:125,2
DA:128,6
DA:129,2
DA:132,6
DA:133,2
DA:137,2
DA:138,3
DA:142,1
DA:143,1
DA:144,1
DA:145,1
DA:146,1
DA:147,2
DA:149,1
DA:153,2
DA:154,1
DA:158,2
DA:159,1
DA:160,2
DA:161,2
DA:164,2
DA:165,3
DA:173,1
DA:175,1
DA:176,1
DA:178,3
DA:179,1
DA:183,2
DA:186,5
DA:189,1
DA:191,1
DA:193,1
DA:195,0
DA:200,1
DA:202,1
DA:204,1
DA:206,1
DA:208,1
DA:215,1
DA:217,1
DA:219,1
DA:221,1
DA:228,1
DA:234,1
DA:235,1
DA:237,3
DA:238,0
DA:243,2
DA:246,2
DA:247,3
DA:249,0
DA:251,0
DA:258,1
DA:259,2
DA:261,1
DA:262,2
DA:264,1
DA:265,2
DA:267,1
DA:268,2
DA:272,2
DA:273,4
DA:279,1
DA:280,3
DA:281,2
DA:282,1
DA:283,4
DA:285,2
DA:288,1
DA:289,3
DA:290,1
DA:293,4
DA:294,3
DA:297,2
DA:298,3
DA:304,1
DA:308,1
DA:309,1
DA:310,1
DA:312,1
DA:313,1
DA:315,1
DA:317,1
DA:318,1
DA:319,1
DA:321,1
DA:323,1
DA:324,1
DA:326,1
DA:328,1
DA:333,1
DA:335,1
DA:336,1
DA:337,1
DA:338,1
DA:344,1
DA:345,1
DA:346,1
DA:348,1
DA:350,1
DA:351,1
DA:352,3
DA:353,2
DA:355,1
DA:356,1
DA:357,1
DA:359,1
DA:360,2
DA:366,1
DA:377,1
DA:378,1
DA:379,1
DA:380,1
DA:386,1
DA:402,3
DA:407,1
DA:408,1
DA:410,1
DA:412,1
DA:413,1
DA:414,1
DA:415,2
DA:422,1
DA:431,1
DA:435,1
DA:439,1
DA:443,1
DA:452,1
DA:453,1
DA:454,1
DA:456,1
DA:458,1
DA:459,1
DA:460,1
DA:461,1
DA:462,2
DA:464,1
DA:465,1
DA:467,1
DA:469,1
DA:470,1
DA:472,1
DA:473,2
DA:478,3
DA:483,1
DA:488,1
DA:489,2
DA:490,4
DA:493,1
DA:495,1
DA:497,1
DA:498,1
DA:501,1
DA:502,1
DA:503,1
DA:514,1
DA:516,1
DA:517,3
DA:519,2
DA:520,4
DA:523,1
DA:525,1
DA:526,1
DA:527,1
DA:528,3
DA:529,2
DA:530,3
DA:533,1
DA:534,1
DA:543,1
DA:544,1
DA:546,1
DA:547,1
DA:548,1
DA:549,1
DA:551,1
DA:556,1
DA:557,1
DA:559,1
DA:561,1
DA:562,1
DA:564,1
DA:568,1
DA:569,1
DA:570,1
DA:578,1
DA:581,1
DA:583,1
DA:584,1
DA:585,1
DA:588,1
DA:589,1
DA:590,1
DA:596,1
DA:597,1
DA:598,1
DA:600,1
DA:601,1
DA:617,1
DA:619,1
DA:621,2
DA:622,2
DA:623,2
LF:255
LH:240
end_of_record
SF:lib\widgets\animals\scrollable_animal_grid.dart
DA:14,2
DA:24,2
DA:25,2
DA:26,2
DA:27,2
DA:30,2
DA:35,2
DA:41,2
DA:42,1
DA:43,1
DA:45,1
DA:46,3
DA:47,2
DA:49,2
DA:56,6
DA:60,2
DA:61,2
DA:62,6
DA:66,2
DA:68,2
DA:69,2
DA:71,2
LF:22
LH:22
end_of_record
SF:lib\widgets\toasts\snack_bar_with_progress_bar.dart
DA:6,1
DA:11,1
DA:12,1
DA:20,1
DA:21,4
DA:27,2
DA:28,2
LF:7
LH:7
end_of_record
SF:lib\widgets\animals\counter_widget.dart
DA:9,3
DA:16,3
DA:17,3
DA:26,0
DA:27,0
DA:28,0
DA:29,0
DA:31,0
DA:34,3
DA:36,3
DA:37,12
DA:40,3
DA:42,6
DA:43,3
DA:46,2
DA:47,4
DA:48,4
DA:49,8
DA:51,12
DA:54,1
DA:55,2
DA:56,2
DA:57,2
DA:58,4
DA:61,6
DA:64,0
DA:65,0
DA:66,0
DA:67,0
DA:68,0
DA:69,0
DA:71,0
DA:74,3
DA:76,3
DA:78,6
DA:79,3
DA:81,3
DA:82,3
DA:83,3
DA:84,3
DA:91,3
DA:92,3
DA:93,3
DA:95,6
DA:97,3
DA:98,9
DA:100,3
DA:104,3
DA:105,3
DA:106,0
DA:107,0
DA:108,0
DA:109,0
DA:112,3
DA:114,3
DA:116,3
DA:117,3
DA:119,3
DA:120,0
DA:121,0
DA:124,0
DA:130,0
DA:131,0
DA:132,0
DA:144,0
DA:147,3
DA:148,6
DA:149,3
DA:152,3
DA:153,3
DA:154,3
DA:164,3
DA:167,3
DA:176,3
DA:177,9
DA:179,3
DA:183,3
DA:185,6
DA:192,3
DA:193,3
DA:194,3
DA:196,9
DA:197,3
DA:199,3
DA:201,3
DA:202,3
DA:203,3
DA:204,3
DA:206,3
DA:212,3
DA:213,3
DA:214,3
LF:92
LH:69
end_of_record
SF:lib\widgets\overlay\error_overlay.dart
DA:8,2
DA:10,2
DA:12,2
DA:13,0
DA:14,2
DA:15,2
DA:16,2
DA:17,2
DA:19,0
DA:20,2
DA:23,2
DA:25,2
DA:26,4
DA:27,2
DA:28,2
DA:29,2
DA:36,2
DA:38,2
DA:39,2
DA:41,2
DA:42,2
DA:43,2
DA:44,2
DA:47,6
DA:48,2
DA:50,2
DA:53,2
DA:54,2
DA:55,2
DA:56,2
DA:63,0
DA:67,2
DA:68,2
DA:70,2
DA:72,2
DA:73,2
DA:75,6
DA:78,2
DA:79,2
DA:80,2
DA:81,2
DA:90,2
DA:91,4
DA:92,6
DA:93,2
DA:94,2
DA:95,2
LF:47
LH:44
end_of_record
SF:lib\widgets\toasts\snack_bar_with_progress.dart
DA:6,0
DA:10,0
DA:15,0
DA:16,0
DA:21,0
DA:22,0
DA:28,0
DA:29,0
DA:32,0
DA:34,0
LF:10
LH:0
end_of_record
SF:lib\widgets\shared_ui_widgets\white_bulk_button.dart
DA:20,4
DA:36,4
DA:39,12
DA:40,4
DA:41,4
DA:42,4
DA:51,4
DA:52,10
DA:54,12
DA:55,8
DA:57,8
DA:59,4
DA:60,4
DA:61,4
DA:62,4
DA:63,4
DA:64,4
DA:65,4
DA:66,4
DA:67,4
DA:74,4
DA:76,4
DA:77,4
DA:78,4
DA:79,4
DA:80,4
DA:81,4
DA:83,4
DA:85,4
DA:86,10
DA:87,4
DA:88,4
DA:89,4
DA:90,4
DA:95,4
DA:96,4
DA:97,2
DA:98,0
DA:104,0
DA:107,2
LF:40
LH:38
end_of_record
SF:lib\widgets\animals\animal_grid.dart
DA:9,3
DA:15,3
DA:17,3
DA:19,3
DA:21,3
DA:22,3
DA:23,3
DA:24,12
DA:25,6
DA:26,12
DA:27,3
DA:28,9
DA:29,12
DA:37,3
DA:38,3
DA:39,3
DA:40,9
DA:41,6
DA:42,12
DA:43,3
DA:44,12
DA:45,0
LF:22
LH:21
end_of_record
SF:lib\widgets\animals\animal_tile.dart
DA:9,4
DA:11,4
DA:13,4
DA:15,4
DA:16,4
DA:17,4
DA:20,4
DA:21,4
DA:24,4
DA:26,4
DA:27,4
DA:28,4
DA:31,4
DA:32,4
DA:33,4
DA:34,4
DA:35,4
DA:36,4
DA:40,8
DA:41,4
DA:42,12
DA:44,4
DA:51,4
DA:69,4
DA:71,4
DA:72,8
LF:26
LH:26
end_of_record
SF:lib\widgets\shared_ui_widgets\brown_button.dart
DA:10,3
DA:12,3
DA:14,3
DA:15,6
DA:16,6
DA:17,3
DA:18,3
DA:19,3
DA:20,6
DA:23,3
DA:24,3
DA:28,3
DA:30,3
DA:31,3
DA:33,3
DA:34,6
DA:35,9
DA:36,2
DA:37,10
DA:38,2
DA:41,1
DA:42,6
DA:43,9
DA:44,1
DA:46,3
DA:49,3
DA:50,6
DA:51,3
DA:52,6
DA:62,2
DA:63,6
DA:64,8
DA:65,2
DA:67,2
DA:68,2
DA:70,4
DA:74,0
DA:75,0
DA:76,0
DA:77,0
DA:82,1
DA:83,3
DA:84,4
DA:85,1
DA:87,1
DA:88,1
DA:90,2
DA:92,3
DA:97,0
DA:98,0
DA:99,0
DA:100,0
DA:105,2
DA:107,2
DA:109,2
DA:111,2
DA:113,2
DA:115,2
DA:117,2
DA:119,2
DA:121,2
DA:123,2
DA:125,2
DA:127,2
DA:129,2
DA:131,2
DA:133,2
DA:135,2
DA:137,2
DA:139,2
DA:141,2
DA:143,1
DA:145,1
LF:73
LH:65
end_of_record
SF:lib\widgets\location\livinglab_map_widget.dart
DA:24,0
DA:34,0
DA:35,0
DA:64,0
DA:66,0
DA:67,0
DA:68,0
DA:69,0
DA:70,0
DA:73,0
DA:74,0
DA:75,0
DA:76,0
DA:77,0
DA:78,0
DA:79,0
DA:83,0
DA:84,0
DA:85,0
DA:86,0
DA:87,0
DA:89,0
DA:90,0
DA:91,0
DA:92,0
DA:93,0
DA:94,0
DA:98,0
DA:99,0
DA:100,0
DA:101,0
DA:104,0
DA:105,0
DA:107,0
DA:108,0
DA:109,0
DA:112,0
DA:116,0
DA:117,0
DA:120,0
DA:123,0
DA:126,0
DA:127,0
DA:130,0
DA:131,0
DA:132,0
DA:133,0
DA:136,0
DA:137,0
DA:138,0
DA:139,0
DA:142,0
DA:143,0
DA:145,0
DA:150,0
DA:152,0
DA:155,0
DA:159,0
DA:160,0
DA:161,0
DA:162,0
DA:164,0
DA:165,0
DA:166,0
DA:167,0
DA:168,0
DA:169,0
DA:170,0
DA:176,0
DA:177,0
DA:181,0
DA:185,0
DA:189,0
DA:190,0
DA:191,0
DA:192,0
DA:195,0
DA:200,0
DA:207,0
DA:209,0
DA:211,0
DA:212,0
DA:216,0
DA:218,0
DA:224,0
DA:226,0
DA:228,0
DA:229,0
DA:230,0
DA:231,0
DA:232,0
DA:238,0
DA:239,0
DA:240,0
DA:242,0
DA:243,0
DA:247,0
DA:248,0
DA:249,0
DA:250,0
DA:251,0
DA:253,0
DA:254,0
DA:255,0
DA:256,0
DA:261,0
DA:262,0
DA:264,0
DA:265,0
DA:268,0
DA:269,0
DA:270,0
DA:271,0
DA:278,0
DA:280,0
DA:281,0
DA:282,0
DA:284,0
DA:285,0
DA:286,0
DA:287,0
DA:288,0
DA:289,0
DA:292,0
DA:296,0
DA:297,0
DA:300,0
DA:307,0
DA:308,0
DA:311,0
DA:312,0
DA:313,0
DA:314,0
DA:315,0
DA:316,0
DA:318,0
DA:319,0
DA:323,0
DA:324,0
DA:325,0
DA:326,0
DA:327,0
DA:330,0
DA:335,0
DA:336,0
DA:338,0
DA:339,0
DA:340,0
DA:341,0
DA:344,0
DA:345,0
DA:347,0
DA:350,0
DA:351,0
DA:352,0
DA:353,0
DA:354,0
DA:360,0
DA:363,0
DA:367,0
DA:368,0
DA:369,0
DA:370,0
DA:371,0
DA:372,0
DA:373,0
DA:374,0
DA:375,0
DA:376,0
DA:377,0
DA:378,0
DA:379,0
DA:381,0
DA:384,0
DA:385,0
DA:394,0
DA:395,0
DA:397,0
DA:398,0
DA:399,0
DA:405,0
DA:406,0
DA:408,0
DA:410,0
DA:411,0
DA:414,0
DA:416,0
DA:417,0
DA:418,0
DA:423,0
DA:430,0
DA:431,0
DA:432,0
DA:433,0
DA:434,0
DA:435,0
DA:439,0
DA:442,0
DA:444,0
DA:447,0
DA:448,0
DA:449,0
DA:450,0
DA:453,0
DA:454,0
DA:455,0
DA:456,0
DA:467,0
DA:468,0
DA:470,0
DA:472,0
DA:475,0
DA:477,0
DA:478,0
DA:480,0
DA:483,0
DA:485,0
DA:486,0
DA:487,0
DA:493,0
DA:503,0
DA:510,0
DA:512,0
DA:514,0
DA:516,0
DA:517,0
DA:519,0
DA:521,0
DA:522,0
DA:524,0
DA:526,0
DA:539,0
DA:540,0
DA:542,0
DA:543,0
DA:544,0
DA:545,0
DA:547,0
DA:548,0
DA:549,0
DA:552,0
DA:553,0
DA:554,0
DA:555,0
DA:557,0
DA:558,0
DA:561,0
DA:562,0
DA:565,0
DA:566,0
DA:577,0
DA:578,0
DA:579,0
DA:580,0
DA:583,0
DA:584,0
DA:586,0
DA:597,0
DA:598,0
DA:599,0
DA:601,0
DA:605,0
DA:606,0
DA:607,0
DA:610,0
DA:611,0
DA:612,0
DA:613,0
DA:614,0
DA:615,0
DA:616,0
DA:621,0
DA:622,0
DA:623,0
DA:624,0
DA:625,0
LF:276
LH:0
end_of_record
SF:lib\widgets\location\location_data_card.dart
DA:13,0
DA:24,0
DA:25,0
DA:26,0
DA:27,0
DA:29,0
DA:30,0
DA:32,0
DA:33,0
DA:34,0
DA:37,0
DA:40,0
DA:41,0
DA:42,0
DA:43,0
DA:52,0
DA:54,0
DA:55,0
DA:68,0
DA:70,0
DA:72,0
DA:73,0
DA:76,0
DA:78,0
DA:79,0
DA:80,0
DA:82,0
DA:83,0
DA:86,0
DA:89,0
DA:90,0
DA:93,0
DA:94,0
DA:95,0
DA:96,0
DA:97,0
DA:98,0
DA:99,0
DA:100,0
DA:109,0
DA:110,0
DA:115,0
DA:122,0
DA:123,0
DA:124,0
DA:125,0
DA:127,0
DA:128,0
DA:129,0
DA:130,0
DA:131,0
DA:139,0
DA:140,0
DA:147,0
DA:149,0
DA:153,0
DA:154,0
DA:156,0
DA:168,0
DA:169,0
DA:171,0
DA:173,0
DA:174,0
DA:175,0
DA:176,0
DA:182,0
LF:66
LH:0
end_of_record
SF:lib\widgets\location\location_display.dart
DA:12,0
DA:20,0
DA:21,0
DA:22,0
DA:25,0
DA:27,0
DA:30,0
DA:31,0
DA:38,0
DA:40,0
DA:41,0
DA:47,0
DA:49,0
DA:50,0
DA:53,0
DA:55,0
DA:57,0
DA:59,0
DA:60,0
DA:61,0
DA:65,0
DA:66,0
DA:67,0
DA:69,0
DA:74,0
DA:75,0
DA:76,0
DA:77,0
DA:78,0
DA:79,0
DA:84,0
DA:85,0
DA:86,0
DA:87,0
DA:88,0
DA:95,0
DA:96,0
DA:97,0
LF:38
LH:0
end_of_record
SF:lib\widgets\location\location_map_preview.dart
DA:10,56
DA:12,0
DA:14,0
DA:15,0
DA:17,0
DA:18,0
DA:20,0
DA:21,0
DA:26,0
DA:27,0
DA:29,0
DA:30,0
DA:32,0
DA:34,0
DA:43,0
DA:44,0
DA:45,0
DA:47,0
DA:48,0
DA:53,0
DA:54,0
DA:57,0
DA:62,0
DA:71,0
DA:72,0
DA:74,0
DA:76,0
DA:78,0
DA:79,0
DA:80,0
DA:87,0
DA:88,0
DA:92,0
DA:93,0
DA:94,0
LF:35
LH:1
end_of_record
SF:lib\widgets\location\time_selection_row.dart
DA:13,0
DA:23,0
DA:24,0
DA:41,0
DA:43,0
DA:44,0
DA:45,0
DA:46,0
DA:47,0
DA:50,0
DA:52,0
DA:53,0
DA:54,0
DA:57,0
DA:59,0
DA:62,0
DA:63,0
DA:64,0
DA:65,0
DA:66,0
DA:67,0
DA:68,0
DA:71,0
DA:74,0
DA:76,0
DA:77,0
DA:78,0
DA:80,0
DA:85,0
DA:86,0
DA:87,0
DA:88,0
DA:93,0
DA:98,0
DA:99,0
DA:105,0
DA:106,0
DA:107,0
DA:108,0
DA:109,0
DA:111,0
DA:112,0
DA:114,0
DA:115,0
DA:116,0
DA:121,0
DA:129,0
DA:130,0
DA:134,0
DA:135,0
DA:137,0
DA:142,0
DA:143,0
DA:147,0
DA:150,0
DA:152,0
DA:153,0
DA:157,0
DA:158,0
DA:161,0
DA:163,0
DA:164,0
DA:165,0
DA:166,0
DA:171,0
DA:172,0
DA:173,0
DA:174,0
DA:175,0
DA:176,0
DA:178,0
DA:179,0
DA:180,0
DA:182,0
DA:186,0
DA:187,0
DA:189,0
DA:190,0
DA:191,0
DA:192,0
DA:200,0
DA:201,0
DA:202,0
DA:204,0
DA:205,0
DA:209,0
DA:210,0
DA:214,0
DA:215,0
DA:217,0
DA:218,0
DA:220,0
DA:221,0
DA:223,0
DA:224,0
DA:226,0
DA:229,0
DA:230,0
DA:233,0
DA:235,0
DA:238,0
DA:239,0
DA:241,0
DA:245,0
DA:246,0
DA:248,0
DA:265,0
DA:266,0
DA:268,0
DA:271,0
DA:272,0
DA:273,0
DA:278,0
DA:282,0
DA:291,0
DA:292,0
DA:294,0
DA:296,0
DA:300,0
DA:301,0
DA:302,0
DA:305,0
DA:306,0
DA:309,0
DA:310,0
DA:313,0
DA:314,0
DA:321,0
DA:322,0
DA:323,0
DA:324,0
DA:326,0
DA:329,0
DA:330,0
DA:332,0
DA:333,0
DA:340,0
DA:342,0
DA:346,0
DA:356,0
DA:358,0
DA:362,0
DA:363,0
LF:143
LH:0
end_of_record
SF:lib\widgets\shared_ui_widgets\circle_icon_container.dart
DA:12,3
DA:22,3
DA:24,3
DA:25,3
DA:26,3
DA:27,3
DA:28,3
DA:30,3
DA:31,3
DA:32,3
DA:39,6
DA:43,3
DA:44,3
DA:45,3
DA:46,3
DA:47,3
DA:48,7
DA:52,0
DA:53,0
DA:54,0
DA:55,0
DA:56,0
LF:22
LH:17
end_of_record
SF:lib\widgets\location\time_picker_dialog.dart
DA:11,0
DA:17,0
DA:18,0
DA:33,0
DA:35,0
DA:36,0
DA:38,0
DA:39,0
DA:42,0
DA:43,0
DA:45,0
DA:46,0
DA:49,0
DA:52,0
DA:54,0
DA:55,0
DA:56,0
DA:63,0
DA:64,0
DA:65,0
DA:66,0
DA:67,0
DA:70,0
DA:71,0
DA:72,0
DA:75,0
DA:77,0
DA:79,0
DA:81,0
DA:83,0
DA:84,0
DA:86,0
DA:89,0
DA:91,0
DA:95,0
DA:96,0
DA:97,0
DA:99,0
DA:100,0
DA:101,0
DA:109,0
DA:110,0
DA:111,0
DA:115,0
DA:116,0
DA:117,0
DA:118,0
DA:120,0
DA:121,0
DA:122,0
DA:123,0
DA:124,0
DA:127,0
DA:130,0
DA:131,0
DA:138,0
DA:140,0
DA:142,0
DA:143,0
DA:148,0
DA:150,0
DA:151,0
DA:152,0
DA:158,0
DA:159,0
DA:160,0
DA:167,0
DA:169,0
DA:170,0
DA:171,0
DA:172,0
DA:175,0
DA:177,0
DA:178,0
DA:179,0
DA:182,0
DA:184,0
DA:185,0
DA:187,0
DA:194,0
DA:196,0
DA:198,0
DA:205,0
DA:206,0
DA:207,0
DA:208,0
DA:209,0
DA:210,0
DA:211,0
DA:212,0
DA:213,0
DA:216,0
DA:218,0
DA:219,0
DA:220,0
DA:222,0
DA:223,0
DA:227,0
DA:228,0
DA:229,0
DA:232,0
DA:236,0
DA:244,0
DA:245,0
DA:246,0
DA:248,0
DA:249,0
DA:250,0
DA:251,0
DA:252,0
DA:253,0
DA:254,0
DA:260,0
DA:261,0
DA:263,0
DA:267,0
DA:274,0
DA:275,0
DA:277,0
DA:278,0
DA:286,0
DA:287,0
DA:289,0
DA:291,0
DA:292,0
DA:294,0
DA:296,0
DA:297,0
DA:298,0
DA:299,0
DA:300,0
DA:301,0
DA:302,0
DA:304,0
DA:305,0
DA:306,0
DA:307,0
DA:308,0
DA:309,0
DA:314,0
DA:318,0
DA:319,0
DA:321,0
DA:323,0
DA:325,0
DA:332,0
DA:333,0
DA:335,0
DA:336,0
DA:337,0
DA:339,0
DA:340,0
DA:341,0
DA:342,0
DA:345,0
DA:346,0
DA:347,0
DA:352,0
DA:353,0
DA:360,0
DA:369,0
DA:371,0
DA:372,0
DA:375,0
DA:387,0
DA:388,0
DA:389,0
DA:390,0
DA:391,0
DA:392,0
DA:393,0
DA:394,0
DA:395,0
DA:397,0
DA:404,0
DA:406,0
DA:413,0
DA:415,0
DA:417,0
DA:424,0
DA:425,0
DA:427,0
DA:428,0
DA:429,0
DA:430,0
DA:433,0
DA:435,0
DA:436,0
DA:437,0
DA:438,0
DA:440,0
DA:441,0
LF:192
LH:0
end_of_record
SF:lib\widgets\toasts\snack_bar_text.dart
DA:7,1
DA:13,1
DA:15,1
DA:16,1
DA:17,1
DA:18,4
DA:20,1
DA:23,1
DA:26,1
DA:27,1
DA:28,1
DA:36,1
DA:38,0
LF:13
LH:12
end_of_record
SF:lib\widgets\toasts\snack_bar_with_progress_bar_content.dart
DA:8,1
DA:14,1
DA:16,1
DA:18,1
DA:19,1
DA:20,1
DA:22,1
DA:23,1
DA:25,1
DA:27,2
DA:32,1
DA:36,1
DA:37,1
DA:38,1
DA:39,2
LF:15
LH:15
end_of_record
SF:lib\managers\other\login_manager.dart
DA:18,2
DA:21,3
DA:27,1
DA:29,2
DA:32,3
DA:40,1
DA:47,0
DA:55,1
DA:65,1
DA:68,1
DA:70,1
DA:74,3
DA:77,2
DA:84,1
DA:87,2
DA:88,2
DA:91,4
DA:92,4
DA:94,2
DA:95,0
DA:96,1
DA:97,0
DA:98,0
DA:99,0
DA:101,0
DA:108,1
DA:110,1
DA:112,0
DA:116,3
DA:119,2
DA:125,1
DA:127,1
DA:128,1
DA:132,0
DA:135,0
DA:138,0
DA:142,1
DA:144,1
DA:145,1
DA:146,1
DA:150,1
DA:152,2
DA:156,0
DA:158,0
DA:163,1
DA:164,2
DA:165,1
LF:47
LH:35
end_of_record
SF:lib\exceptions\validation_exception.dart
DA:4,1
DA:6,0
DA:7,0
LF:3
LH:1
end_of_record
SF:lib\managers\waarneming_flow\animal_sighting_reporting_manager.dart
DA:20,1
DA:31,2
DA:34,2
DA:35,3
DA:39,2
DA:40,2
DA:41,2
DA:42,2
DA:43,2
DA:44,2
DA:45,2
DA:46,2
DA:50,5
DA:53,1
DA:54,1
DA:58,1
DA:65,1
DA:66,1
DA:67,1
DA:68,1
DA:69,1
DA:70,1
DA:75,1
DA:76,1
DA:77,1
DA:82,1
DA:83,1
DA:84,2
DA:85,1
DA:90,1
DA:92,2
DA:93,1
DA:97,1
DA:101,1
DA:102,1
DA:105,1
DA:107,1
DA:109,1
DA:116,1
DA:117,1
DA:120,2
DA:121,0
DA:125,0
DA:129,1
DA:131,1
DA:134,1
DA:136,1
DA:137,2
DA:139,3
DA:140,0
DA:142,3
DA:146,1
DA:147,0
DA:149,1
DA:154,1
DA:157,1
DA:159,1
DA:160,1
DA:161,2
DA:165,1
DA:167,1
DA:168,1
DA:169,2
DA:173,1
DA:175,1
DA:176,1
DA:183,1
DA:185,1
DA:187,1
DA:188,2
DA:190,3
DA:192,1
DA:195,2
DA:199,1
DA:201,1
DA:202,1
DA:205,1
DA:206,1
DA:208,1
DA:209,2
DA:211,1
DA:212,2
DA:214,1
DA:215,2
DA:216,1
DA:220,1
DA:225,2
DA:226,3
DA:228,1
DA:229,2
DA:230,2
DA:233,1
DA:236,1
DA:238,1
DA:239,2
DA:245,1
DA:250,1
DA:251,1
DA:255,1
DA:260,2
DA:261,1
DA:265,1
DA:266,2
DA:269,0
DA:274,1
DA:276,1
DA:278,2
DA:279,3
DA:282,1
DA:283,2
DA:285,1
DA:286,4
DA:289,2
DA:290,2
DA:291,1
DA:293,1
DA:295,0
DA:296,0
DA:299,1
DA:307,1
DA:314,1
DA:316,1
DA:317,2
DA:319,1
DA:320,1
DA:321,2
DA:322,5
DA:325,2
DA:326,1
DA:327,2
DA:331,2
DA:332,0
DA:336,1
DA:338,0
DA:344,1
DA:346,1
DA:347,2
DA:349,1
DA:350,1
DA:353,1
DA:355,1
DA:356,2
DA:358,5
DA:359,1
DA:362,1
DA:364,1
DA:371,1
DA:373,1
DA:374,1
DA:378,1
DA:381,1
DA:383,1
DA:385,1
DA:387,1
DA:390,2
DA:391,1
LF:156
LH:147
end_of_record
SF:lib\managers\filtering_system\filter_manager.dart
DA:10,3
DA:11,1
DA:12,1
DA:18,1
DA:19,1
DA:25,1
DA:26,1
DA:37,1
DA:39,2
DA:40,1
DA:41,1
DA:42,1
DA:45,1
DA:46,4
DA:47,1
DA:53,1
DA:57,5
DA:59,5
DA:62,1
DA:64,3
DA:68,2
DA:73,1
DA:74,1
DA:75,1
DA:79,1
DA:80,1
DA:87,1
DA:93,1
DA:94,4
DA:100,1
DA:104,1
DA:106,5
DA:112,1
DA:116,1
DA:117,5
DA:123,1
DA:128,1
DA:130,1
DA:131,2
DA:132,2
DA:133,1
DA:134,1
LF:42
LH:42
end_of_record
SF:lib\managers\filtering_system\dropdown_manager.dart
DA:18,1
DA:22,1
DA:29,1
DA:31,1
DA:32,1
DA:33,1
DA:35,2
DA:38,1
DA:47,0
DA:49,1
DA:51,1
DA:64,1
DA:70,1
DA:72,1
DA:73,4
DA:74,3
DA:75,1
DA:77,1
DA:79,1
DA:81,1
DA:82,1
DA:83,1
DA:84,1
DA:91,1
DA:92,1
DA:93,1
DA:95,1
DA:100,1
DA:101,1
DA:110,0
DA:112,0
DA:116,0
DA:117,0
DA:129,3
DA:130,0
DA:132,0
DA:134,0
DA:136,0
DA:149,1
DA:151,1
DA:153,0
DA:154,0
DA:155,0
DA:159,1
DA:162,2
DA:163,1
DA:164,1
DA:165,1
DA:166,1
DA:168,1
DA:169,1
DA:174,0
DA:175,0
DA:176,0
DA:188,1
DA:189,2
DA:190,1
DA:191,1
DA:194,1
DA:195,3
DA:196,0
DA:199,1
DA:204,1
DA:211,1
DA:213,1
DA:214,1
DA:215,1
DA:217,2
DA:218,1
DA:220,1
DA:230,0
DA:232,1
DA:234,1
DA:247,1
DA:249,1
DA:250,3
DA:251,0
DA:253,1
DA:258,1
DA:265,4
DA:266,2
DA:267,1
DA:269,1
DA:270,1
DA:271,1
DA:272,1
DA:277,0
DA:278,0
DA:279,0
DA:284,1
DA:289,1
DA:299,1
DA:300,1
DA:307,1
DA:308,1
DA:316,1
LF:96
LH:75
end_of_record
SF:lib\managers\map\living_lab_manager.dart
DA:43,1
DA:45,1
DA:51,1
DA:54,5
DA:64,1
DA:66,2
DA:67,2
DA:76,1
DA:78,1
DA:85,1
DA:87,2
DA:89,3
DA:90,4
DA:91,4
DA:92,4
DA:93,4
DA:94,3
DA:95,5
DA:96,6
DA:97,6
DA:98,1
LF:21
LH:21
end_of_record
SF:lib\screens\login\login_screen.dart
DA:14,1
DA:16,1
DA:17,1
DA:28,1
DA:30,1
DA:31,3
DA:32,1
DA:35,1
DA:37,2
DA:38,1
DA:41,1
DA:42,2
DA:44,4
DA:46,1
DA:47,1
DA:48,3
DA:53,2
DA:54,1
DA:55,1
DA:56,1
DA:57,1
DA:60,6
DA:62,1
DA:64,2
DA:66,2
DA:69,3
DA:71,2
DA:72,2
DA:73,2
DA:76,2
DA:79,2
DA:80,2
DA:85,1
DA:86,2
DA:87,1
DA:88,3
DA:89,2
DA:90,1
DA:92,1
DA:93,1
DA:94,4
DA:101,1
DA:103,4
DA:104,3
DA:106,1
DA:107,1
DA:108,1
DA:109,1
DA:111,1
DA:112,1
DA:117,1
DA:118,1
DA:119,1
DA:126,1
DA:128,1
DA:129,1
DA:130,1
DA:132,1
DA:136,1
DA:139,1
DA:141,1
DA:149,1
DA:151,1
DA:153,1
DA:154,1
DA:155,0
DA:156,0
DA:157,0
DA:160,2
DA:162,1
DA:165,1
DA:166,1
DA:168,3
DA:171,1
DA:172,1
DA:173,1
DA:181,1
DA:182,0
DA:187,0
DA:188,0
DA:189,0
DA:190,0
DA:197,1
DA:198,1
DA:200,1
DA:201,1
DA:202,1
DA:203,1
DA:210,1
DA:211,1
DA:212,1
DA:214,1
DA:225,1
DA:226,1
DA:227,1
DA:230,1
DA:232,1
DA:233,1
DA:234,1
DA:235,0
DA:236,0
DA:238,0
DA:241,1
DA:243,1
DA:247,1
DA:248,1
DA:249,1
LF:107
LH:96
end_of_record
SF:lib\widgets\login\verification_code_input.dart
DA:20,1
DA:26,1
DA:27,1
DA:34,2
DA:36,2
DA:46,1
DA:48,1
DA:49,2
DA:52,0
DA:53,0
DA:55,0
DA:56,0
DA:58,0
DA:59,0
DA:60,0
DA:64,0
DA:65,0
DA:66,0
DA:69,0
DA:71,0
DA:72,0
DA:73,0
DA:74,0
DA:78,0
DA:81,0
DA:82,0
DA:86,0
DA:87,0
DA:88,0
DA:89,0
DA:90,0
DA:95,0
DA:96,0
DA:97,0
DA:98,0
DA:101,0
DA:102,0
DA:103,0
DA:105,0
DA:111,1
DA:112,1
DA:114,1
DA:115,1
DA:117,1
DA:119,1
DA:120,0
DA:121,2
DA:122,1
DA:123,1
DA:125,1
DA:126,0
DA:127,1
DA:134,1
DA:135,1
DA:136,0
DA:137,0
DA:138,0
DA:140,0
DA:142,0
DA:143,0
DA:147,1
DA:148,2
DA:149,2
DA:152,1
DA:153,1
DA:154,1
DA:163,0
DA:164,0
DA:165,0
DA:167,0
DA:169,0
DA:170,0
DA:171,0
DA:173,0
DA:174,0
DA:177,0
DA:179,0
DA:187,1
DA:189,1
DA:190,0
DA:191,0
DA:194,0
DA:199,0
DA:200,0
DA:201,0
DA:202,0
DA:203,0
DA:210,1
DA:212,1
DA:213,1
DA:214,1
DA:215,1
DA:216,0
DA:218,0
DA:219,0
DA:221,1
DA:224,1
DA:225,1
DA:226,1
DA:233,1
DA:235,3
DA:238,1
DA:239,1
DA:240,1
DA:249,1
DA:250,0
DA:252,0
DA:254,0
DA:255,0
DA:262,1
DA:263,1
DA:265,3
DA:267,1
DA:268,1
DA:269,1
DA:270,1
DA:272,1
DA:273,1
DA:274,1
DA:275,0
DA:276,0
DA:277,0
DA:288,1
DA:293,1
DA:295,2
DA:296,2
DA:297,1
DA:299,2
DA:300,1
DA:302,1
DA:305,0
DA:307,0
DA:308,0
DA:310,0
DA:314,0
DA:315,0
DA:317,0
LF:137
LH:62
end_of_record
SF:lib\config\app_config.dart
DA:7,3
DA:9,1
DA:10,4
DA:12,1
LF:4
LH:4
end_of_record
SF:lib\data_managers\api_client.dart
DA:14,1
DA:16,0
DA:21,0
DA:22,0
DA:23,0
DA:26,0
DA:32,0
DA:33,0
DA:34,0
DA:35,0
DA:36,0
DA:43,0
DA:49,0
DA:51,0
DA:52,0
DA:53,0
DA:58,0
DA:63,0
DA:65,0
DA:68,0
DA:72,0
DA:77,0
DA:78,0
DA:79,0
DA:82,0
LF:25
LH:1
end_of_record
SF:lib\data_managers\auth_api.dart
DA:13,1
DA:15,0
DA:20,0
DA:27,0
DA:28,0
DA:30,0
DA:31,0
DA:32,0
DA:34,0
DA:38,0
DA:40,0
DA:41,0
DA:45,0
DA:49,0
DA:50,0
DA:52,0
DA:55,0
DA:56,0
DA:57,0
DA:58,0
DA:59,0
DA:60,0
DA:61,0
DA:64,0
DA:65,0
LF:25
LH:1
end_of_record
SF:lib\data_managers\profile_api.dart
DA:15,1
DA:17,0
DA:19,0
DA:26,0
DA:27,0
DA:28,0
DA:30,0
DA:34,0
DA:35,0
DA:36,0
DA:37,0
DA:38,0
DA:39,0
DA:41,0
DA:42,0
DA:43,0
LF:16
LH:1
end_of_record
SF:lib\models\beta_models\profile_model.dart
DA:8,1
DA:15,2
DA:16,1
DA:17,1
DA:18,1
DA:19,1
DA:20,1
DA:22,2
DA:23,1
DA:24,1
DA:25,1
DA:26,1
DA:27,1
LF:13
LH:13
end_of_record
SF:lib\screens\login\login_overlay.dart
DA:6,2
DA:8,0
DA:10,0
DA:11,0
DA:12,0
DA:13,0
DA:14,0
DA:15,0
DA:17,0
DA:18,0
DA:21,0
DA:23,0
DA:24,0
DA:25,0
DA:26,0
DA:33,0
DA:35,0
DA:36,0
DA:38,0
DA:39,0
DA:40,0
DA:41,0
DA:44,0
DA:46,0
DA:48,0
DA:50,0
DA:54,0
DA:55,0
DA:56,0
DA:63,0
DA:67,0
DA:68,0
DA:70,0
DA:72,0
DA:73,0
DA:75,0
DA:78,0
DA:79,0
DA:80,0
DA:89,0
DA:93,0
DA:94,0
DA:95,0
DA:96,0
LF:44
LH:1
end_of_record
SF:lib\managers\api_managers\interaction_manager.dart
DA:22,1
DA:25,0
DA:31,1
DA:32,2
DA:33,4
DA:34,1
DA:38,1
DA:39,2
DA:42,1
DA:43,3
DA:45,3
DA:48,1
DA:50,0
DA:54,1
DA:55,1
DA:56,1
DA:58,1
DA:61,1
DA:63,1
DA:66,0
DA:67,0
DA:68,0
DA:71,0
DA:74,4
DA:76,2
DA:80,1
DA:81,1
DA:82,4
DA:83,1
DA:87,0
DA:88,0
DA:90,0
DA:91,0
DA:95,0
DA:97,0
DA:98,0
DA:99,0
DA:100,0
DA:102,0
DA:103,0
DA:104,0
DA:105,0
DA:106,0
DA:107,0
DA:108,0
DA:109,0
DA:112,0
DA:116,0
DA:117,0
DA:118,0
DA:119,0
DA:122,0
DA:123,0
DA:124,0
DA:126,0
DA:127,0
DA:133,1
DA:138,1
DA:139,1
DA:142,1
DA:145,2
DA:146,3
DA:147,3
DA:149,1
DA:156,4
DA:157,2
DA:159,4
DA:160,1
DA:165,0
DA:166,0
DA:167,0
DA:174,1
DA:175,1
DA:176,1
DA:180,0
DA:181,0
DA:184,1
DA:187,1
DA:188,2
DA:189,1
DA:192,1
DA:193,2
DA:194,1
DA:195,2
DA:198,5
DA:200,2
DA:201,2
DA:204,1
LF:88
LH:50
end_of_record
SF:lib\utils\connection_checker.dart
DA:4,2
DA:6,1
DA:9,2
DA:10,2
DA:11,2
DA:18,1
DA:22,1
DA:23,2
LF:8
LH:8
end_of_record
SF:lib\managers\other\questionnaire_manager.dart
DA:11,1
DA:13,1
DA:16,2
DA:19,1
DA:27,1
DA:28,4
DA:30,2
DA:32,1
DA:33,3
DA:34,4
DA:35,4
DA:36,3
DA:37,3
DA:39,2
DA:43,1
DA:44,1
DA:45,1
DA:55,1
DA:56,1
LF:19
LH:19
end_of_record
SF:lib\widgets\questionnaire\questionnaire_home.dart
DA:11,1
DA:13,0
DA:16,0
DA:17,0
DA:18,0
DA:23,0
DA:26,0
DA:27,0
DA:28,0
DA:29,0
DA:37,0
DA:38,0
DA:39,0
DA:41,0
DA:45,0
DA:46,0
DA:47,0
DA:48,0
DA:55,0
DA:56,0
DA:57,0
DA:61,0
DA:62,0
DA:63,0
DA:64,0
DA:73,0
DA:74,0
DA:75,0
DA:76,0
DA:78,0
DA:81,0
DA:82,0
DA:84,0
DA:87,0
LF:34
LH:1
end_of_record
SF:lib\widgets\questionnaire\questionnaire_multiple_choice.dart
DA:20,1
DA:30,0
DA:32,0
DA:41,0
DA:43,0
DA:44,0
DA:45,0
DA:46,0
DA:47,0
DA:48,0
DA:49,0
DA:51,0
DA:52,0
DA:53,0
DA:58,0
DA:60,0
DA:61,0
DA:62,0
DA:64,0
DA:65,0
DA:67,0
DA:68,0
DA:77,0
DA:79,0
DA:80,0
DA:89,0
DA:90,0
DA:92,0
DA:93,0
DA:97,0
DA:98,0
DA:99,0
DA:100,0
DA:101,0
DA:102,0
DA:103,0
DA:104,0
DA:105,0
DA:106,0
DA:107,0
DA:109,0
DA:112,0
DA:114,0
DA:115,0
DA:116,0
DA:117,0
DA:120,0
DA:122,0
DA:123,0
DA:125,0
DA:126,0
DA:132,0
DA:133,0
DA:134,0
DA:140,0
DA:141,0
DA:142,0
DA:143,0
DA:144,0
DA:145,0
DA:146,0
DA:147,0
DA:148,0
DA:151,0
DA:153,0
DA:154,0
DA:156,0
DA:157,0
DA:163,0
DA:164,0
DA:166,0
DA:167,0
DA:168,0
LF:73
LH:1
end_of_record
SF:lib\widgets\questionnaire\questionnaire_open_response.dart
DA:22,1
DA:32,0
DA:34,0
DA:42,0
DA:44,0
DA:45,0
DA:46,0
DA:47,0
DA:48,0
DA:49,0
DA:50,0
DA:52,0
DA:53,0
DA:58,0
DA:60,0
DA:61,0
DA:62,0
DA:64,0
DA:66,0
DA:67,0
DA:69,0
DA:70,0
DA:79,0
DA:81,0
DA:82,0
DA:92,0
DA:93,0
DA:95,0
DA:96,0
DA:101,0
DA:102,0
DA:104,0
DA:105,0
DA:106,0
DA:107,0
DA:108,0
DA:109,0
DA:110,0
DA:111,0
DA:112,0
DA:115,0
DA:116,0
DA:122,0
DA:124,0
DA:125,0
DA:136,0
DA:137,0
DA:138,0
LF:48
LH:1
end_of_record
SF:lib\widgets\questionnaire\questionnaire_home_buttons.dart
DA:9,0
DA:16,0
DA:18,0
DA:19,0
DA:20,0
DA:21,0
DA:22,0
DA:24,0
DA:26,0
DA:27,0
DA:29,0
DA:32,0
DA:34,0
DA:35,0
DA:37,0
DA:40,0
DA:42,0
DA:43,0
DA:45,0
DA:50,0
DA:58,0
DA:65,0
DA:67,0
LF:23
LH:0
end_of_record
SF:lib\widgets\questionnaire\questionnaire_white_button.dart
DA:11,0
DA:20,0
DA:22,0
DA:23,0
DA:24,0
DA:25,0
DA:27,0
DA:28,0
DA:29,0
DA:30,0
DA:37,0
DA:39,0
DA:40,0
DA:41,0
DA:42,0
DA:43,0
DA:44,0
DA:46,0
DA:48,0
DA:49,0
DA:50,0
DA:51,0
DA:53,0
DA:57,0
DA:58,0
DA:59,0
DA:60,0
DA:68,0
DA:69,0
LF:29
LH:0
end_of_record
SF:lib\widgets\questionnaire\shared_white_background.dart
DA:6,0
DA:8,0
DA:10,0
DA:12,0
DA:13,0
DA:15,0
DA:16,0
DA:17,0
DA:20,0
DA:24,0
LF:10
LH:0
end_of_record
SF:lib\managers\api_managers\response_manager.dart
DA:26,1
DA:30,0
DA:32,0
DA:33,0
DA:34,0
DA:38,0
DA:39,0
DA:42,0
DA:43,0
DA:45,0
DA:48,0
DA:50,0
DA:54,0
DA:55,0
DA:56,0
DA:58,0
DA:61,0
DA:63,0
DA:66,0
DA:67,0
DA:68,0
DA:71,0
DA:74,0
DA:76,0
DA:80,0
DA:81,0
DA:82,0
DA:83,0
DA:86,0
DA:89,1
DA:96,1
DA:97,4
DA:100,1
DA:102,1
DA:105,1
DA:106,2
DA:107,1
DA:109,0
DA:112,1
DA:115,1
DA:116,2
DA:117,2
DA:118,2
DA:119,1
DA:120,1
DA:122,1
DA:123,1
DA:124,1
DA:125,1
DA:126,1
DA:134,0
DA:135,0
DA:145,1
DA:146,0
DA:147,0
DA:154,3
DA:160,5
DA:161,1
DA:162,2
DA:164,0
DA:165,0
DA:170,1
DA:176,1
DA:178,1
DA:181,0
DA:185,1
DA:186,0
DA:187,0
DA:189,1
DA:195,2
DA:196,1
DA:198,1
DA:200,2
DA:201,0
DA:203,0
DA:214,1
DA:215,1
DA:225,0
DA:226,0
DA:227,0
DA:234,5
DA:235,1
DA:238,1
DA:240,1
DA:241,1
DA:242,4
DA:243,4
DA:248,1
DA:249,1
DA:250,2
DA:252,1
DA:255,1
DA:256,1
DA:257,2
DA:258,6
DA:262,4
DA:270,1
DA:272,1
DA:274,1
DA:276,1
DA:277,2
DA:283,2
DA:284,3
DA:285,3
DA:288,3
DA:289,1
DA:292,4
DA:293,2
DA:294,2
DA:295,1
DA:297,1
DA:299,2
DA:300,1
DA:301,2
DA:302,1
DA:303,1
DA:304,1
DA:305,1
DA:309,1
DA:314,1
DA:315,3
DA:318,3
DA:324,4
DA:326,1
DA:327,0
DA:328,0
DA:331,5
DA:332,1
DA:333,2
DA:337,2
DA:338,2
DA:346,1
DA:348,1
DA:349,1
DA:351,3
DA:353,2
DA:354,1
DA:357,3
DA:358,1
DA:361,1
DA:365,1
DA:366,1
DA:368,3
DA:369,2
DA:370,1
DA:372,4
DA:375,1
DA:384,1
DA:386,1
DA:387,1
DA:388,1
DA:389,2
DA:393,1
DA:394,4
LF:154
LH:109
end_of_record
SF:lib\managers\permission\permission_manager.dart
DA:7,1
DA:9,0
DA:11,0
DA:12,0
DA:16,0
DA:22,0
DA:23,0
DA:27,0
DA:28,0
DA:29,0
DA:30,0
DA:35,0
DA:36,0
DA:37,0
DA:38,0
DA:40,0
DA:43,1
DA:48,1
DA:51,2
DA:56,1
DA:57,1
DA:58,2
DA:61,1
DA:62,2
DA:72,1
LF:25
LH:10
end_of_record
SF:lib\managers\state_managers\screen_state_manager.dart
DA:11,1
DA:13,1
DA:15,3
DA:16,1
DA:17,3
DA:18,1
DA:22,1
DA:25,1
DA:26,1
DA:35,1
DA:37,1
DA:38,1
DA:40,2
DA:41,3
DA:43,2
DA:44,1
DA:49,1
DA:51,1
DA:52,2
DA:53,3
DA:66,1
DA:68,1
DA:69,1
LF:23
LH:23
end_of_record
SF:lib\managers\state_managers\navigation_state_manager.dart
DA:13,1
DA:15,2
DA:16,5
DA:18,1
DA:19,0
DA:21,2
DA:24,0
DA:26,0
DA:27,0
DA:28,0
DA:31,0
DA:32,0
DA:36,1
DA:39,1
DA:40,1
DA:42,1
DA:43,1
DA:46,1
DA:48,2
DA:49,2
DA:50,1
DA:54,1
DA:56,1
DA:57,1
DA:59,3
DA:62,1
DA:64,1
DA:65,1
DA:67,3
DA:70,1
DA:72,4
LF:31
LH:24
end_of_record
SF:lib\managers\other\overzicht_manager.dart
DA:24,1
DA:25,1
DA:27,1
DA:29,1
DA:30,1
DA:33,1
DA:35,2
DA:38,1
DA:40,2
DA:43,1
DA:44,2
DA:45,1
LF:12
LH:12
end_of_record
